First contact title: Recreation Supervisor
Full object: {
  "id": "0a351e73-1ad5-4c35-b8b3-6d0cef7ddc80",
  "name": "Mark Wilson",
  "email": "mwilson3@albemarle.org",
  "phone": "",
  "department": "Parks & Recreation",
  "title": "Recreation Supervisor",
  "agencyId": "5bead314-9172-4e03-9b3d-0ad633ae0c6d",
  "createdAt": "2025-11-30T05:35:41.937Z",
  "agency": {
    "id": "5bead314-9172-4e03-9b3d-0ad633ae0c6d",
    "name": "Albemarle County",
    "city": "",
    "state": "Virginia",
    "stateCode": "VA",
    "type": "County",
    "population": 113683,
    "website": "https://www.albemarle.org",
    "createdAt": "2025-11-30T05:35:39.235Z"
  }
}